Arguments: 
  /Users/dionimercado/.nvm/versions/node/v8.10.0/bin/node /usr/local/bin/yarn run compile:sass

PATH: 
  /Users/dionimercado/.rvm/gems/ruby-2.3.3/bin:/Users/dionimercado/.rvm/gems/ruby-2.3.3@global/bin:/Users/dionimercado/.rvm/rubies/ruby-2.3.3/bin:/Users/dionimercado/.nvm/versions/node/v8.10.0/bin:/usr/local/bin:/Library/Frameworks/Python.framework/Versions/3.6/bin:/usr/local/bin:/usr/bin:/bin:/usr/sbin:/sbin:/Applications/Wireshark.app/Contents/MacOS:/Users/dionimercado/.rvm/bin:/usr/local/bin:/Users/dionimercado/Library/Android/sdk/tools:/Users/dionimercado/Library/Android/sdk/platform-tools

Yarn version: 
  1.5.1

Node version: 
  8.10.0

Platform: 
  darwin x64

npm manifest: 
  {
    "name": "haute",
    "version": "1.0.0",
    "description": "",
    "main": "index.js",
    "scripts": {
      "compile:sass": "node-sass sass/main.scss assets/css/haute.css -w"
    },
    "keywords": [],
    "author": "",
    "license": "ISC",
    "devDependencies": {
      "node-sass": "^4.8.3"
    }
  }

yarn manifest: 
  No manifest

Lockfile: 
  No lockfile

Trace: 
  Error: Command failed.
  Exit code: 1
  Command: sh
  Arguments: -c node-sass sass/main.scss assets/css/haute.css -w
  Directory: /Users/dionimercado/Websites/hautefootwear.com/wp-content/themes/haute
  Output:
  
      at ProcessTermError.MessageError (/usr/local/lib/node_modules/yarn/lib/cli.js:186:110)
      at new ProcessTermError (/usr/local/lib/node_modules/yarn/lib/cli.js:226:113)
      at ChildProcess.<anonymous> (/usr/local/lib/node_modules/yarn/lib/cli.js:30281:17)
      at emitTwo (events.js:126:13)
      at ChildProcess.emit (events.js:214:7)
      at maybeClose (internal/child_process.js:925:16)
      at Process.ChildProcess._handle.onexit (internal/child_process.js:209:5)
